Thu Aug 27 2020 10:51:30 GMT+0100 (West Africa Standard Time) | ERROR | app_root.log | Message: uncaughtException: logger.query is not a function
TypeError: logger.query is not a function
    at Object.<anonymous> (C:\Users\agboola_kayode\Documents\GitHub\My-Microservices\logger\app.js:77:8)
    at Module._compile (internal/modules/cjs/loader.js:1236:30)
    at Object.Module._extensions..js (internal/modules/cjs/loader.js:1257:10)
    at Module.load (internal/modules/cjs/loader.js:1085:32)
    at Function.Module._load (internal/modules/cjs/loader.js:950:14)
    at Function.executeUserEntryPoint [as runMain] (internal/modules/run_main.js:60:12)
    at internal/main/run_main_module.js:17:47 | 
Thu Aug 27 2020 10:51:58 GMT+0100 (West Africa Standard Time) | ERROR | app_root.log | Message: uncaughtException: logger.query is not a function
TypeError: logger.query is not a function
    at Object.<anonymous> (C:\Users\agboola_kayode\Documents\GitHub\My-Microservices\logger\app.js:77:8)
    at Module._compile (internal/modules/cjs/loader.js:1236:30)
    at Object.Module._extensions..js (internal/modules/cjs/loader.js:1257:10)
    at Module.load (internal/modules/cjs/loader.js:1085:32)
    at Function.Module._load (internal/modules/cjs/loader.js:950:14)
    at Function.executeUserEntryPoint [as runMain] (internal/modules/run_main.js:60:12)
    at internal/main/run_main_module.js:17:47 | 
Thu Aug 27 2020 10:52:55 GMT+0100 (West Africa Standard Time) | ERROR | app_root.log | Message: uncaughtException: logger.query is not a function
TypeError: logger.query is not a function
    at Object.<anonymous> (C:\Users\agboola_kayode\Documents\GitHub\My-Microservices\logger\app.js:77:8)
    at Module._compile (internal/modules/cjs/loader.js:1236:30)
    at Object.Module._extensions..js (internal/modules/cjs/loader.js:1257:10)
    at Module.load (internal/modules/cjs/loader.js:1085:32)
    at Function.Module._load (internal/modules/cjs/loader.js:950:14)
    at Function.executeUserEntryPoint [as runMain] (internal/modules/run_main.js:60:12)
    at internal/main/run_main_module.js:17:47 | 
Thu Aug 27 2020 10:53:14 GMT+0100 (West Africa Standard Time) | ERROR | app_root.log | Message: uncaughtException: logger.query is not a function
TypeError: logger.query is not a function
    at Object.<anonymous> (C:\Users\agboola_kayode\Documents\GitHub\My-Microservices\logger\app.js:77:8)
    at Module._compile (internal/modules/cjs/loader.js:1236:30)
    at Object.Module._extensions..js (internal/modules/cjs/loader.js:1257:10)
    at Module.load (internal/modules/cjs/loader.js:1085:32)
    at Function.Module._load (internal/modules/cjs/loader.js:950:14)
    at Function.executeUserEntryPoint [as runMain] (internal/modules/run_main.js:60:12)
    at internal/main/run_main_module.js:17:47 | 
