Thu, 27 Aug 2020 08:53:36 GMT | INFO | app.log | App launched on port 8081... | 
Thu, 27 Aug 2020 08:53:42 GMT | INFO | app.log | Incoming request | data:{"method":"POST"} | 
Thu, 27 Aug 2020 08:53:42 GMT | INFO | app.log | Request received at /test | data:{"email":"lollykrown@gmail.com","message":"testing tester"} | log_data:{"email":"lollykrown@gmail.com","message":"testing tester"} |
Thu, 27 Aug 2020 08:53:42 GMT | ERROR | app.log | Name field is empty | log_data:{"email":"lollykrown@gmail.com","message":"testing tester"} |
Thu, 27 Aug 2020 08:53:42 GMT | ERROR | app.log | Age field is empty | log_data:{"email":"lollykrown@gmail.com","message":"testing tester"} |
Thu, 27 Aug 2020 08:53:42 GMT | ERROR | app.log | gender field is empty | log_data:{"email":"lollykrown@gmail.com","message":"testing tester"} |
Thu, 27 Aug 2020 08:53:42 GMT | ERROR | app.log | Return error response | data:{"success":false} | log_data:{"email":"lollykrown@gmail.com","message":"testing tester"} |
Thu, 27 Aug 2020 08:54:50 GMT | INFO | app.log | App launched on port 8081... | 
Thu, 27 Aug 2020 08:54:52 GMT | INFO | app.log | App launched on port 8081... | 
Thu, 27 Aug 2020 08:55:04 GMT | INFO | app.log | App launched on port 8081... | 
Thu, 27 Aug 2020 08:55:07 GMT | INFO | app.log | Incoming request | data:{"method":"POST"} | 
Thu, 27 Aug 2020 08:55:07 GMT | INFO | app.log | Request received at /test | data:{"email":"lollykrown@gmail.com","message":"testing tester"} | log_data:{"email":"lollykrown@gmail.com","message":"testing tester"} |
Thu, 27 Aug 2020 08:55:07 GMT | ERROR | app.log | Name field is empty | log_data:{"email":"lollykrown@gmail.com","message":"testing tester"} |
Thu, 27 Aug 2020 08:55:07 GMT | ERROR | app.log | Age field is empty | log_data:{"email":"lollykrown@gmail.com","message":"testing tester"} |
Thu, 27 Aug 2020 08:55:07 GMT | ERROR | app.log | gender field is empty | log_data:{"email":"lollykrown@gmail.com","message":"testing tester"} |
Thu, 27 Aug 2020 08:55:07 GMT | ERROR | app.log | Return error response | data:{"success":false} | log_data:{"email":"lollykrown@gmail.com","message":"testing tester"} |
Thu, 27 Aug 2020 08:55:33 GMT | INFO | app.log | App launched on port 8081... | 
Thu, 27 Aug 2020 08:55:36 GMT | INFO | app.log | Incoming request | data:{"method":"POST"} | 
Thu, 27 Aug 2020 08:55:36 GMT | INFO | app.log | Request received at /test | data:{"email":"lollykrown@gmail.com","message":"testing tester"} | log_data:{"headers":{"host":"localhost:8081","connection":"keep-alive","content-length":"68","user-agent":"Mozilla/5.0 (Windows NT 10.0; Win64; x64) AppleWebKit/537.36 (KHTML, like Gecko) Chrome/84.0.4147.135 Safari/537.36","content-type":"application/json","accept":"*/*","origin":"chrome-extension://aejoelaoggembcahagimdiliamlcdmfm","sec-fetch-site":"none","sec-fetch-mode":"cors","sec-fetch-dest":"empty","accept-encoding":"gzip, deflate, br","accept-language":"en-US,en;q=0.9","cookie":"_ga=GA1.1.1991334274.1595871211; hubspotutk=c0a26b61444cff57100a02a9088a6659; __hs_initial_opt_in=true; __hs_opt_out=no; __hssrc=1; __hstc=181257784.c0a26b61444cff57100a02a9088a6659.1598258965157.1598432414664.1598448508205.8"},"query":{},"body":{"email":"lollykrown@gmail.com","message":"testing tester"}} |
Thu, 27 Aug 2020 08:55:36 GMT | ERROR | app.log | Name field is empty | log_data:{"headers":{"host":"localhost:8081","connection":"keep-alive","content-length":"68","user-agent":"Mozilla/5.0 (Windows NT 10.0; Win64; x64) AppleWebKit/537.36 (KHTML, like Gecko) Chrome/84.0.4147.135 Safari/537.36","content-type":"application/json","accept":"*/*","origin":"chrome-extension://aejoelaoggembcahagimdiliamlcdmfm","sec-fetch-site":"none","sec-fetch-mode":"cors","sec-fetch-dest":"empty","accept-encoding":"gzip, deflate, br","accept-language":"en-US,en;q=0.9","cookie":"_ga=GA1.1.1991334274.1595871211; hubspotutk=c0a26b61444cff57100a02a9088a6659; __hs_initial_opt_in=true; __hs_opt_out=no; __hssrc=1; __hstc=181257784.c0a26b61444cff57100a02a9088a6659.1598258965157.1598432414664.1598448508205.8"},"query":{},"body":{"email":"lollykrown@gmail.com","message":"testing tester"}} |
Thu, 27 Aug 2020 08:55:36 GMT | ERROR | app.log | Age field is empty | log_data:{"headers":{"host":"localhost:8081","connection":"keep-alive","content-length":"68","user-agent":"Mozilla/5.0 (Windows NT 10.0; Win64; x64) AppleWebKit/537.36 (KHTML, like Gecko) Chrome/84.0.4147.135 Safari/537.36","content-type":"application/json","accept":"*/*","origin":"chrome-extension://aejoelaoggembcahagimdiliamlcdmfm","sec-fetch-site":"none","sec-fetch-mode":"cors","sec-fetch-dest":"empty","accept-encoding":"gzip, deflate, br","accept-language":"en-US,en;q=0.9","cookie":"_ga=GA1.1.1991334274.1595871211; hubspotutk=c0a26b61444cff57100a02a9088a6659; __hs_initial_opt_in=true; __hs_opt_out=no; __hssrc=1; __hstc=181257784.c0a26b61444cff57100a02a9088a6659.1598258965157.1598432414664.1598448508205.8"},"query":{},"body":{"email":"lollykrown@gmail.com","message":"testing tester"}} |
Thu, 27 Aug 2020 08:55:36 GMT | ERROR | app.log | gender field is empty | log_data:{"headers":{"host":"localhost:8081","connection":"keep-alive","content-length":"68","user-agent":"Mozilla/5.0 (Windows NT 10.0; Win64; x64) AppleWebKit/537.36 (KHTML, like Gecko) Chrome/84.0.4147.135 Safari/537.36","content-type":"application/json","accept":"*/*","origin":"chrome-extension://aejoelaoggembcahagimdiliamlcdmfm","sec-fetch-site":"none","sec-fetch-mode":"cors","sec-fetch-dest":"empty","accept-encoding":"gzip, deflate, br","accept-language":"en-US,en;q=0.9","cookie":"_ga=GA1.1.1991334274.1595871211; hubspotutk=c0a26b61444cff57100a02a9088a6659; __hs_initial_opt_in=true; __hs_opt_out=no; __hssrc=1; __hstc=181257784.c0a26b61444cff57100a02a9088a6659.1598258965157.1598432414664.1598448508205.8"},"query":{},"body":{"email":"lollykrown@gmail.com","message":"testing tester"}} |
Thu, 27 Aug 2020 08:55:36 GMT | ERROR | app.log | Return error response | data:{"success":false} | log_data:{"headers":{"host":"localhost:8081","connection":"keep-alive","content-length":"68","user-agent":"Mozilla/5.0 (Windows NT 10.0; Win64; x64) AppleWebKit/537.36 (KHTML, like Gecko) Chrome/84.0.4147.135 Safari/537.36","content-type":"application/json","accept":"*/*","origin":"chrome-extension://aejoelaoggembcahagimdiliamlcdmfm","sec-fetch-site":"none","sec-fetch-mode":"cors","sec-fetch-dest":"empty","accept-encoding":"gzip, deflate, br","accept-language":"en-US,en;q=0.9","cookie":"_ga=GA1.1.1991334274.1595871211; hubspotutk=c0a26b61444cff57100a02a9088a6659; __hs_initial_opt_in=true; __hs_opt_out=no; __hssrc=1; __hstc=181257784.c0a26b61444cff57100a02a9088a6659.1598258965157.1598432414664.1598448508205.8"},"query":{},"body":{"email":"lollykrown@gmail.com","message":"testing tester"}} |
Thu, 27 Aug 2020 08:56:48 GMT | INFO | app.log | App launched on port 8081... | 
Thu, 27 Aug 2020 08:57:24 GMT | INFO | app.log | App launched on port 8081... | 
Thu, 27 Aug 2020 08:57:26 GMT | INFO | app.log | Incoming request | data:{"method":"POST"} | 
Thu, 27 Aug 2020 08:57:26 GMT | INFO | app.log | Request received at /test | data:{"email":"lollykrown@gmail.com","message":"testing tester"} | log_data:{"email":"lollykrown@gmail.com","message":"testing tester"} |
Thu, 27 Aug 2020 08:57:26 GMT | ERROR | app.log | Name field is empty | log_data:{"email":"lollykrown@gmail.com","message":"testing tester"} |
Thu, 27 Aug 2020 08:57:26 GMT | ERROR | app.log | Age field is empty | log_data:{"email":"lollykrown@gmail.com","message":"testing tester"} |
Thu, 27 Aug 2020 08:57:26 GMT | ERROR | app.log | gender field is empty | log_data:{"email":"lollykrown@gmail.com","message":"testing tester"} |
Thu, 27 Aug 2020 08:57:26 GMT | ERROR | app.log | Return error response | data:{"success":false} | log_data:{"email":"lollykrown@gmail.com","message":"testing tester"} |
Thu, 27 Aug 2020 08:57:38 GMT | INFO | app.log | App launched on port 8081... | 
Thu, 27 Aug 2020 08:57:39 GMT | INFO | app.log | Incoming request | data:{"method":"POST"} | 
Thu, 27 Aug 2020 08:57:39 GMT | INFO | app.log | Incoming request verbose | data:{"headers":{"host":"localhost:8081","connection":"keep-alive","content-length":"68","user-agent":"Mozilla/5.0 (Windows NT 10.0; Win64; x64) AppleWebKit/537.36 (KHTML, like Gecko) Chrome/84.0.4147.135 Safari/537.36","content-type":"application/json","accept":"*/*","origin":"chrome-extension://aejoelaoggembcahagimdiliamlcdmfm","sec-fetch-site":"none","sec-fetch-mode":"cors","sec-fetch-dest":"empty","accept-encoding":"gzip, deflate, br","accept-language":"en-US,en;q=0.9","cookie":"_ga=GA1.1.1991334274.1595871211; hubspotutk=c0a26b61444cff57100a02a9088a6659; __hs_initial_opt_in=true; __hs_opt_out=no; __hssrc=1; __hstc=181257784.c0a26b61444cff57100a02a9088a6659.1598258965157.1598432414664.1598448508205.8"},"query":{},"body":{"email":"lollykrown@gmail.com","message":"testing tester"}} | 
Thu, 27 Aug 2020 08:57:39 GMT | INFO | app.log | Request received at /test | data:{"email":"lollykrown@gmail.com","message":"testing tester"} | log_data:{"email":"lollykrown@gmail.com","message":"testing tester"} |
Thu, 27 Aug 2020 08:57:39 GMT | ERROR | app.log | Name field is empty | log_data:{"email":"lollykrown@gmail.com","message":"testing tester"} |
Thu, 27 Aug 2020 08:57:39 GMT | ERROR | app.log | Age field is empty | log_data:{"email":"lollykrown@gmail.com","message":"testing tester"} |
Thu, 27 Aug 2020 08:57:39 GMT | ERROR | app.log | gender field is empty | log_data:{"email":"lollykrown@gmail.com","message":"testing tester"} |
Thu, 27 Aug 2020 08:57:39 GMT | ERROR | app.log | Return error response | data:{"success":false} | log_data:{"email":"lollykrown@gmail.com","message":"testing tester"} |
Thu, 27 Aug 2020 08:58:40 GMT | INFO | app.log | App launched on port 8081... | 
Thu, 27 Aug 2020 08:58:42 GMT | INFO | app.log | Incoming request | data:{"method":"POST"} | 
Thu, 27 Aug 2020 08:58:42 GMT | INFO | app.log | Incoming request verbose | data:{"headers":"localhost:8081","query":{},"body":{"email":"lollykrown@gmail.com","message":"testing tester"}} | 
Thu, 27 Aug 2020 08:58:42 GMT | INFO | app.log | Request received at /test | data:{"email":"lollykrown@gmail.com","message":"testing tester"} | log_data:{"email":"lollykrown@gmail.com","message":"testing tester"} |
Thu, 27 Aug 2020 08:58:42 GMT | ERROR | app.log | Name field is empty | log_data:{"email":"lollykrown@gmail.com","message":"testing tester"} |
Thu, 27 Aug 2020 08:58:42 GMT | ERROR | app.log | Age field is empty | log_data:{"email":"lollykrown@gmail.com","message":"testing tester"} |
Thu, 27 Aug 2020 08:58:42 GMT | ERROR | app.log | gender field is empty | log_data:{"email":"lollykrown@gmail.com","message":"testing tester"} |
Thu, 27 Aug 2020 08:58:42 GMT | ERROR | app.log | Return error response | data:{"success":false} | log_data:{"email":"lollykrown@gmail.com","message":"testing tester"} |
Thu, 27 Aug 2020 08:59:01 GMT | INFO | app.log | App launched on port 8081... | 
Thu, 27 Aug 2020 08:59:21 GMT | INFO | app.log | Incoming request | data:{"method":"POST"} | 
Thu, 27 Aug 2020 08:59:21 GMT | INFO | app.log | Request received at /test | data:{"email":"lollykrown@gmail.com","message":"testing tester"} | log_data:{"email":"lollykrown@gmail.com","message":"testing tester"} |
Thu, 27 Aug 2020 08:59:21 GMT | ERROR | app.log | Name field is empty | log_data:{"email":"lollykrown@gmail.com","message":"testing tester"} |
Thu, 27 Aug 2020 08:59:21 GMT | ERROR | app.log | Age field is empty | log_data:{"email":"lollykrown@gmail.com","message":"testing tester"} |
Thu, 27 Aug 2020 08:59:21 GMT | ERROR | app.log | gender field is empty | log_data:{"email":"lollykrown@gmail.com","message":"testing tester"} |
Thu, 27 Aug 2020 08:59:21 GMT | ERROR | app.log | Return error response | data:{"success":false} | log_data:{"email":"lollykrown@gmail.com","message":"testing tester"} |
Thu, 27 Aug 2020 08:59:46 GMT | INFO | app.log | App launched on port 8081... | 
